The target system is: Linux - 1 - 
The host system is: Linux - 4.4.0-133-generic - x86_64
Compiling the C compiler identification source file "CMakeCCompilerId.c" succeeded.
Compiler: /home/aitian/linaro-multilib-2014.06-gcc4.9/bin/arm-linux-gnueabihf-gcc 
Build flags: 
Id flags: 

The output was:
0


Compilation of the C compiler identification source "CMakeCCompilerId.c" produced "a.out"

The C compiler identification is GNU, found in "/home/aitian/project/cmake_test/build/CMakeFiles/3.5.1/CompilerIdC/a.out"

Compiling the CXX compiler identification source file "CMakeCXXCompilerId.cpp" succeeded.
Compiler: /home/aitian/linaro-multilib-2014.06-gcc4.9/bin/arm-linux-gnueabihf-g++ 
Build flags: 
Id flags: 

The output was:
0


Compilation of the CXX compiler identification source "CMakeCXXCompilerId.cpp" produced "a.out"

The CXX compiler identification is GNU, found in "/home/aitian/project/cmake_test/build/CMakeFiles/3.5.1/CompilerIdCXX/a.out"

Determining if the C compiler works passed with the following output:
Change Dir: /home/aitian/project/cmake_test/build/CMakeFiles/CMakeTmp

Run Build Command:"/usr/bin/make" "cmTC_8e56a/fast"
/usr/bin/make -f CMakeFiles/cmTC_8e56a.dir/build.make CMakeFiles/cmTC_8e56a.dir/build
make[1]: Entering directory '/home/aitian/project/cmake_test/build/CMakeFiles/CMakeTmp'
Building C object CMakeFiles/cmTC_8e56a.dir/testCCompiler.c.o
/home/aitian/linaro-multilib-2014.06-gcc4.9/bin/arm-linux-gnueabihf-gcc     -o CMakeFiles/cmTC_8e56a.dir/testCCompiler.c.o   -c /home/aitian/project/cmake_test/build/CMakeFiles/CMakeTmp/testCCompiler.c
Linking C executable cmTC_8e56a
/usr/bin/cmake -E cmake_link_script CMakeFiles/cmTC_8e56a.dir/link.txt --verbose=1
/home/aitian/linaro-multilib-2014.06-gcc4.9/bin/arm-linux-gnueabihf-gcc       CMakeFiles/cmTC_8e56a.dir/testCCompiler.c.o  -o cmTC_8e56a -rdynamic 
make[1]: Leaving directory '/home/aitian/project/cmake_test/build/CMakeFiles/CMakeTmp'


Detecting C compiler ABI info compiled with the following output:
Change Dir: /home/aitian/project/cmake_test/build/CMakeFiles/CMakeTmp

Run Build Command:"/usr/bin/make" "cmTC_3bafa/fast"
/usr/bin/make -f CMakeFiles/cmTC_3bafa.dir/build.make CMakeFiles/cmTC_3bafa.dir/build
make[1]: Entering directory '/home/aitian/project/cmake_test/build/CMakeFiles/CMakeTmp'
Building C object CMakeFiles/cmTC_3bafa.dir/CMakeCCompilerABI.c.o
/home/aitian/linaro-multilib-2014.06-gcc4.9/bin/arm-linux-gnueabihf-gcc     -o CMakeFiles/cmTC_3bafa.dir/CMakeCCompilerABI.c.o   -c /usr/share/cmake-3.5/Modules/CMakeCCompilerABI.c
Linking C executable cmTC_3bafa
/usr/bin/cmake -E cmake_link_script CMakeFiles/cmTC_3bafa.dir/link.txt --verbose=1
/home/aitian/linaro-multilib-2014.06-gcc4.9/bin/arm-linux-gnueabihf-gcc      -v CMakeFiles/cmTC_3bafa.dir/CMakeCCompilerABI.c.o  -o cmTC_3bafa -rdynamic  
Using built-in specs.
COLLECT_GCC=/home/aitian/linaro-multilib-2014.06-gcc4.9/bin/arm-linux-gnueabihf-gcc
COLLECT_LTO_WRAPPER=/home/aitian/linaro-multilib-2014.06-gcc4.9/bin/../libexec/gcc/arm-linux-gnueabihf/4.9.1/lto-wrapper
Target: arm-linux-gnueabihf
Configured with: /development/crosstools-ng/cortexA9/.build/src/gcc-linaro-4.9-2014.06-1/configure --build=x86_64-build_unknown-linux-gnu --host=x86_64-build_unknown-linux-gnu --target=arm-linux-gnueabihf --prefix=/development/crosstools-ng/cortexA9/linaro-multilib-2014.06-gcc4.9 --with-sysroot=/development/crosstools-ng/cortexA9/linaro-multilib-2014.06-gcc4.9/arm-linux-gnueabihf/libc --enable-languages=c,c++ --with-arch=armv7-a --with-tune=cortex-a9 --with-fpu=vfpv3 --with-float=hard --with-pkgversion='crosstool-NG - Ambarella Linaro Multilib GCC [CortexA9 & ARMv6k] 2014.06' --with-bugurl=https://bugs.launchpad.net/gcc-linaro --enable-__cxa_atexit --enable-libmudflap --enable-libgomp --enable-libssp --disable-libquadmath --disable-libquadmath-support --with-gmp=/development/crosstools-ng/cortexA9/.build/arm-linux-gnueabihf/buildtools --with-mpfr=/development/crosstools-ng/cortexA9/.build/arm-linux-gnueabihf/buildtools --with-mpc=/development/crosstools-ng/cortexA9/.build/arm-linux-gnueabihf/buildtools --with-isl=/development/crosstools-ng/cortexA9/.build/arm-linux-gnueabihf/buildtools --with-cloog=/development/crosstools-ng/cortexA9/.build/arm-linux-gnueabihf/buildtools --with-libelf=/development/crosstools-ng/cortexA9/.build/arm-linux-gnueabihf/buildtools --with-host-libstdcxx='-static-libgcc -Wl,-Bstatic,-lstdc++ -lm' --enable-threads=posix --disable-libstdcxx-pch --enable-linker-build-id --enable-gold --enable-multilib --with-local-prefix=/development/crosstools-ng/cortexA9/linaro-multilib-2014.06-gcc4.9/arm-linux-gnueabihf/libc --enable-c99 --enable-long-long --with-mode=thumb
Thread model: posix
gcc version 4.9.1 20140625 (prerelease) (crosstool-NG - Ambarella Linaro Multilib GCC [CortexA9 & ARMv6k] 2014.06) 
COMPILER_PATH=/home/aitian/linaro-multilib-2014.06-gcc4.9/bin/../libexec/gcc/arm-linux-gnueabihf/4.9.1/:/home/aitian/linaro-multilib-2014.06-gcc4.9/bin/../libexec/gcc/arm-linux-gnueabihf/:/home/aitian/linaro-multilib-2014.06-gcc4.9/bin/../libexec/gcc/:/home/aitian/linaro-multilib-2014.06-gcc4.9/bin/../libexec/gcc/arm-linux-gnueabihf/:/home/aitian/linaro-multilib-2014.06-gcc4.9/bin/../lib/gcc/arm-linux-gnueabihf/4.9.1/../../../../arm-linux-gnueabihf/bin/
LIBRARY_PATH=/home/aitian/linaro-multilib-2014.06-gcc4.9/bin/../lib/gcc/arm-linux-gnueabihf/4.9.1/:/home/aitian/linaro-multilib-2014.06-gcc4.9/bin/../lib/gcc/arm-linux-gnueabihf/:/home/aitian/linaro-multilib-2014.06-gcc4.9/bin/../lib/gcc/:/home/aitian/linaro-multilib-2014.06-gcc4.9/bin/../lib/gcc/arm-linux-gnueabihf/:/home/aitian/linaro-multilib-2014.06-gcc4.9/bin/../lib/gcc/arm-linux-gnueabihf/4.9.1/../../../../arm-linux-gnueabihf/lib/arm-linux-gnueabihf/:/home/aitian/linaro-multilib-2014.06-gcc4.9/bin/../lib/gcc/arm-linux-gnueabihf/4.9.1/../../../../arm-linux-gnueabihf/lib/:/home/aitian/linaro-multilib-2014.06-gcc4.9/bin/../lib/gcc/arm-linux-gnueabihf/4.9.1/../../../../arm-linux-gnueabihf/lib/arm-linux-gnueabihf/:/home/aitian/linaro-multilib-2014.06-gcc4.9/bin/../arm-linux-gnueabihf/libc/lib/arm-linux-gnueabihf/:/home/aitian/linaro-multilib-2014.06-gcc4.9/bin/../arm-linux-gnueabihf/libc/lib/:/home/aitian/linaro-multilib-2014.06-gcc4.9/bin/../arm-linux-gnueabihf/libc/lib/arm-linux-gnueabihf/:/home/aitian/linaro-multilib-2014.06-gcc4.9/bin/../arm-linux-gnueabihf/libc/usr/lib/arm-linux-gnueabihf/:/home/aitian/linaro-multilib-2014.06-gcc4.9/bin/../arm-linux-gnueabihf/libc/usr/lib/:/home/aitian/linaro-multilib-2014.06-gcc4.9/bin/../arm-linux-gnueabihf/libc/usr/lib/arm-linux-gnueabihf/
COLLECT_GCC_OPTIONS='-v' '-o' 'cmTC_3bafa' '-rdynamic' '-march=armv7-a' '-mtune=cortex-a9' '-mfloat-abi=hard' '-mfpu=vfpv3' '-mthumb' '-mtls-dialect=gnu'
 /home/aitian/linaro-multilib-2014.06-gcc4.9/bin/../libexec/gcc/arm-linux-gnueabihf/4.9.1/collect2 --sysroot=/home/aitian/linaro-multilib-2014.06-gcc4.9/bin/../arm-linux-gnueabihf/libc --build-id --eh-frame-hdr -export-dynamic -dynamic-linker /lib/ld-linux-armhf.so.3 -X -m armelf_linux_eabi -o cmTC_3bafa /home/aitian/linaro-multilib-2014.06-gcc4.9/bin/../arm-linux-gnueabihf/libc/usr/lib/arm-linux-gnueabihf/crt1.o /home/aitian/linaro-multilib-2014.06-gcc4.9/bin/../arm-linux-gnueabihf/libc/usr/lib/arm-linux-gnueabihf/crti.o /home/aitian/linaro-multilib-2014.06-gcc4.9/bin/../lib/gcc/arm-linux-gnueabihf/4.9.1/crtbegin.o -L/home/aitian/linaro-multilib-2014.06-gcc4.9/bin/../lib/gcc/arm-linux-gnueabihf/4.9.1 -L/home/aitian/linaro-multilib-2014.06-gcc4.9/bin/../lib/gcc/arm-linux-gnueabihf -L/home/aitian/linaro-multilib-2014.06-gcc4.9/bin/../lib/gcc -L/home/aitian/linaro-multilib-2014.06-gcc4.9/bin/../lib/gcc/arm-linux-gnueabihf -L/home/aitian/linaro-multilib-2014.06-gcc4.9/bin/../lib/gcc/arm-linux-gnueabihf/4.9.1/../../../../arm-linux-gnueabihf/lib/arm-linux-gnueabihf -L/home/aitian/linaro-multilib-2014.06-gcc4.9/bin/../lib/gcc/arm-linux-gnueabihf/4.9.1/../../../../arm-linux-gnueabihf/lib -L/home/aitian/linaro-multilib-2014.06-gcc4.9/bin/../lib/gcc/arm-linux-gnueabihf/4.9.1/../../../../arm-linux-gnueabihf/lib/arm-linux-gnueabihf -L/home/aitian/linaro-multilib-2014.06-gcc4.9/bin/../arm-linux-gnueabihf/libc/lib/arm-linux-gnueabihf -L/home/aitian/linaro-multilib-2014.06-gcc4.9/bin/../arm-linux-gnueabihf/libc/lib -L/home/aitian/linaro-multilib-2014.06-gcc4.9/bin/../arm-linux-gnueabihf/libc/lib/arm-linux-gnueabihf -L/home/aitian/linaro-multilib-2014.06-gcc4.9/bin/../arm-linux-gnueabihf/libc/usr/lib/arm-linux-gnueabihf -L/home/aitian/linaro-multilib-2014.06-gcc4.9/bin/../arm-linux-gnueabihf/libc/usr/lib -L/home/aitian/linaro-multilib-2014.06-gcc4.9/bin/../arm-linux-gnueabihf/libc/usr/lib/arm-linux-gnueabihf CMakeFiles/cmTC_3bafa.dir/CMakeCCompilerABI.c.o -lgcc --as-needed -lgcc_s --no-as-needed -lc -lgcc --as-needed -lgcc_s --no-as-needed /home/aitian/linaro-multilib-2014.06-gcc4.9/bin/../lib/gcc/arm-linux-gnueabihf/4.9.1/crtend.o /home/aitian/linaro-multilib-2014.06-gcc4.9/bin/../arm-linux-gnueabihf/libc/usr/lib/arm-linux-gnueabihf/crtn.o
make[1]: Leaving directory '/home/aitian/project/cmake_test/build/CMakeFiles/CMakeTmp'


Parsed C implicit link information from above output:
  link line regex: [^( *|.*[/\])(arm-linux-gnueabihf-ld|([^/\]+-)?ld|collect2)[^/\]*( |$)]
  ignore line: [Change Dir: /home/aitian/project/cmake_test/build/CMakeFiles/CMakeTmp]
  ignore line: []
  ignore line: [Run Build Command:"/usr/bin/make" "cmTC_3bafa/fast"]
  ignore line: [/usr/bin/make -f CMakeFiles/cmTC_3bafa.dir/build.make CMakeFiles/cmTC_3bafa.dir/build]
  ignore line: [make[1]: Entering directory '/home/aitian/project/cmake_test/build/CMakeFiles/CMakeTmp']
  ignore line: [Building C object CMakeFiles/cmTC_3bafa.dir/CMakeCCompilerABI.c.o]
  ignore line: [/home/aitian/linaro-multilib-2014.06-gcc4.9/bin/arm-linux-gnueabihf-gcc     -o CMakeFiles/cmTC_3bafa.dir/CMakeCCompilerABI.c.o   -c /usr/share/cmake-3.5/Modules/CMakeCCompilerABI.c]
  ignore line: [Linking C executable cmTC_3bafa]
  ignore line: [/usr/bin/cmake -E cmake_link_script CMakeFiles/cmTC_3bafa.dir/link.txt --verbose=1]
  ignore line: [/home/aitian/linaro-multilib-2014.06-gcc4.9/bin/arm-linux-gnueabihf-gcc      -v CMakeFiles/cmTC_3bafa.dir/CMakeCCompilerABI.c.o  -o cmTC_3bafa -rdynamic  ]
  ignore line: [Using built-in specs.]
  ignore line: [COLLECT_GCC=/home/aitian/linaro-multilib-2014.06-gcc4.9/bin/arm-linux-gnueabihf-gcc]
  ignore line: [COLLECT_LTO_WRAPPER=/home/aitian/linaro-multilib-2014.06-gcc4.9/bin/../libexec/gcc/arm-linux-gnueabihf/4.9.1/lto-wrapper]
  ignore line: [Target: arm-linux-gnueabihf]
  ignore line: [Configured with: /development/crosstools-ng/cortexA9/.build/src/gcc-linaro-4.9-2014.06-1/configure --build=x86_64-build_unknown-linux-gnu --host=x86_64-build_unknown-linux-gnu --target=arm-linux-gnueabihf --prefix=/development/crosstools-ng/cortexA9/linaro-multilib-2014.06-gcc4.9 --with-sysroot=/development/crosstools-ng/cortexA9/linaro-multilib-2014.06-gcc4.9/arm-linux-gnueabihf/libc --enable-languages=c,c++ --with-arch=armv7-a --with-tune=cortex-a9 --with-fpu=vfpv3 --with-float=hard --with-pkgversion='crosstool-NG - Ambarella Linaro Multilib GCC [CortexA9 & ARMv6k] 2014.06' --with-bugurl=https://bugs.launchpad.net/gcc-linaro --enable-__cxa_atexit --enable-libmudflap --enable-libgomp --enable-libssp --disable-libquadmath --disable-libquadmath-support --with-gmp=/development/crosstools-ng/cortexA9/.build/arm-linux-gnueabihf/buildtools --with-mpfr=/development/crosstools-ng/cortexA9/.build/arm-linux-gnueabihf/buildtools --with-mpc=/development/crosstools-ng/cortexA9/.build/arm-linux-gnueabihf/buildtools --with-isl=/development/crosstools-ng/cortexA9/.build/arm-linux-gnueabihf/buildtools --with-cloog=/development/crosstools-ng/cortexA9/.build/arm-linux-gnueabihf/buildtools --with-libelf=/development/crosstools-ng/cortexA9/.build/arm-linux-gnueabihf/buildtools --with-host-libstdcxx='-static-libgcc -Wl,-Bstatic,-lstdc++ -lm' --enable-threads=posix --disable-libstdcxx-pch --enable-linker-build-id --enable-gold --enable-multilib --with-local-prefix=/development/crosstools-ng/cortexA9/linaro-multilib-2014.06-gcc4.9/arm-linux-gnueabihf/libc --enable-c99 --enable-long-long --with-mode=thumb]
  ignore line: [Thread model: posix]
  ignore line: [gcc version 4.9.1 20140625 (prerelease) (crosstool-NG - Ambarella Linaro Multilib GCC [CortexA9 & ARMv6k] 2014.06) ]
  ignore line: [COMPILER_PATH=/home/aitian/linaro-multilib-2014.06-gcc4.9/bin/../libexec/gcc/arm-linux-gnueabihf/4.9.1/:/home/aitian/linaro-multilib-2014.06-gcc4.9/bin/../libexec/gcc/arm-linux-gnueabihf/:/home/aitian/linaro-multilib-2014.06-gcc4.9/bin/../libexec/gcc/:/home/aitian/linaro-multilib-2014.06-gcc4.9/bin/../libexec/gcc/arm-linux-gnueabihf/:/home/aitian/linaro-multilib-2014.06-gcc4.9/bin/../lib/gcc/arm-linux-gnueabihf/4.9.1/../../../../arm-linux-gnueabihf/bin/]
  ignore line: [LIBRARY_PATH=/home/aitian/linaro-multilib-2014.06-gcc4.9/bin/../lib/gcc/arm-linux-gnueabihf/4.9.1/:/home/aitian/linaro-multilib-2014.06-gcc4.9/bin/../lib/gcc/arm-linux-gnueabihf/:/home/aitian/linaro-multilib-2014.06-gcc4.9/bin/../lib/gcc/:/home/aitian/linaro-multilib-2014.06-gcc4.9/bin/../lib/gcc/arm-linux-gnueabihf/:/home/aitian/linaro-multilib-2014.06-gcc4.9/bin/../lib/gcc/arm-linux-gnueabihf/4.9.1/../../../../arm-linux-gnueabihf/lib/arm-linux-gnueabihf/:/home/aitian/linaro-multilib-2014.06-gcc4.9/bin/../lib/gcc/arm-linux-gnueabihf/4.9.1/../../../../arm-linux-gnueabihf/lib/:/home/aitian/linaro-multilib-2014.06-gcc4.9/bin/../lib/gcc/arm-linux-gnueabihf/4.9.1/../../../../arm-linux-gnueabihf/lib/arm-linux-gnueabihf/:/home/aitian/linaro-multilib-2014.06-gcc4.9/bin/../arm-linux-gnueabihf/libc/lib/arm-linux-gnueabihf/:/home/aitian/linaro-multilib-2014.06-gcc4.9/bin/../arm-linux-gnueabihf/libc/lib/:/home/aitian/linaro-multilib-2014.06-gcc4.9/bin/../arm-linux-gnueabihf/libc/lib/arm-linux-gnueabihf/:/home/aitian/linaro-multilib-2014.06-gcc4.9/bin/../arm-linux-gnueabihf/libc/usr/lib/arm-linux-gnueabihf/:/home/aitian/linaro-multilib-2014.06-gcc4.9/bin/../arm-linux-gnueabihf/libc/usr/lib/:/home/aitian/linaro-multilib-2014.06-gcc4.9/bin/../arm-linux-gnueabihf/libc/usr/lib/arm-linux-gnueabihf/]
  ignore line: [COLLECT_GCC_OPTIONS='-v' '-o' 'cmTC_3bafa' '-rdynamic' '-march=armv7-a' '-mtune=cortex-a9' '-mfloat-abi=hard' '-mfpu=vfpv3' '-mthumb' '-mtls-dialect=gnu']
  link line: [ /home/aitian/linaro-multilib-2014.06-gcc4.9/bin/../libexec/gcc/arm-linux-gnueabihf/4.9.1/collect2 --sysroot=/home/aitian/linaro-multilib-2014.06-gcc4.9/bin/../arm-linux-gnueabihf/libc --build-id --eh-frame-hdr -export-dynamic -dynamic-linker /lib/ld-linux-armhf.so.3 -X -m armelf_linux_eabi -o cmTC_3bafa /home/aitian/linaro-multilib-2014.06-gcc4.9/bin/../arm-linux-gnueabihf/libc/usr/lib/arm-linux-gnueabihf/crt1.o /home/aitian/linaro-multilib-2014.06-gcc4.9/bin/../arm-linux-gnueabihf/libc/usr/lib/arm-linux-gnueabihf/crti.o /home/aitian/linaro-multilib-2014.06-gcc4.9/bin/../lib/gcc/arm-linux-gnueabihf/4.9.1/crtbegin.o -L/home/aitian/linaro-multilib-2014.06-gcc4.9/bin/../lib/gcc/arm-linux-gnueabihf/4.9.1 -L/home/aitian/linaro-multilib-2014.06-gcc4.9/bin/../lib/gcc/arm-linux-gnueabihf -L/home/aitian/linaro-multilib-2014.06-gcc4.9/bin/../lib/gcc -L/home/aitian/linaro-multilib-2014.06-gcc4.9/bin/../lib/gcc/arm-linux-gnueabihf -L/home/aitian/linaro-multilib-2014.06-gcc4.9/bin/../lib/gcc/arm-linux-gnueabihf/4.9.1/../../../../arm-linux-gnueabihf/lib/arm-linux-gnueabihf -L/home/aitian/linaro-multilib-2014.06-gcc4.9/bin/../lib/gcc/arm-linux-gnueabihf/4.9.1/../../../../arm-linux-gnueabihf/lib -L/home/aitian/linaro-multilib-2014.06-gcc4.9/bin/../lib/gcc/arm-linux-gnueabihf/4.9.1/../../../../arm-linux-gnueabihf/lib/arm-linux-gnueabihf -L/home/aitian/linaro-multilib-2014.06-gcc4.9/bin/../arm-linux-gnueabihf/libc/lib/arm-linux-gnueabihf -L/home/aitian/linaro-multilib-2014.06-gcc4.9/bin/../arm-linux-gnueabihf/libc/lib -L/home/aitian/linaro-multilib-2014.06-gcc4.9/bin/../arm-linux-gnueabihf/libc/lib/arm-linux-gnueabihf -L/home/aitian/linaro-multilib-2014.06-gcc4.9/bin/../arm-linux-gnueabihf/libc/usr/lib/arm-linux-gnueabihf -L/home/aitian/linaro-multilib-2014.06-gcc4.9/bin/../arm-linux-gnueabihf/libc/usr/lib -L/home/aitian/linaro-multilib-2014.06-gcc4.9/bin/../arm-linux-gnueabihf/libc/usr/lib/arm-linux-gnueabihf CMakeFiles/cmTC_3bafa.dir/CMakeCCompilerABI.c.o -lgcc --as-needed -lgcc_s --no-as-needed -lc -lgcc --as-needed -lgcc_s --no-as-needed /home/aitian/linaro-multilib-2014.06-gcc4.9/bin/../lib/gcc/arm-linux-gnueabihf/4.9.1/crtend.o /home/aitian/linaro-multilib-2014.06-gcc4.9/bin/../arm-linux-gnueabihf/libc/usr/lib/arm-linux-gnueabihf/crtn.o]
    arg [/home/aitian/linaro-multilib-2014.06-gcc4.9/bin/../libexec/gcc/arm-linux-gnueabihf/4.9.1/collect2] ==> ignore
    arg [--sysroot=/home/aitian/linaro-multilib-2014.06-gcc4.9/bin/../arm-linux-gnueabihf/libc] ==> ignore
    arg [--build-id] ==> ignore
    arg [--eh-frame-hdr] ==> ignore
    arg [-export-dynamic] ==> ignore
    arg [-dynamic-linker] ==> ignore
    arg [/lib/ld-linux-armhf.so.3] ==> ignore
    arg [-X] ==> ignore
    arg [-m] ==> ignore
    arg [armelf_linux_eabi] ==> ignore
    arg [-o] ==> ignore
    arg [cmTC_3bafa] ==> ignore
    arg [/home/aitian/linaro-multilib-2014.06-gcc4.9/bin/../arm-linux-gnueabihf/libc/usr/lib/arm-linux-gnueabihf/crt1.o] ==> ignore
    arg [/home/aitian/linaro-multilib-2014.06-gcc4.9/bin/../arm-linux-gnueabihf/libc/usr/lib/arm-linux-gnueabihf/crti.o] ==> ignore
    arg [/home/aitian/linaro-multilib-2014.06-gcc4.9/bin/../lib/gcc/arm-linux-gnueabihf/4.9.1/crtbegin.o] ==> ignore
    arg [-L/home/aitian/linaro-multilib-2014.06-gcc4.9/bin/../lib/gcc/arm-linux-gnueabihf/4.9.1] ==> dir [/home/aitian/linaro-multilib-2014.06-gcc4.9/bin/../lib/gcc/arm-linux-gnueabihf/4.9.1]
    arg [-L/home/aitian/linaro-multilib-2014.06-gcc4.9/bin/../lib/gcc/arm-linux-gnueabihf] ==> dir [/home/aitian/linaro-multilib-2014.06-gcc4.9/bin/../lib/gcc/arm-linux-gnueabihf]
    arg [-L/home/aitian/linaro-multilib-2014.06-gcc4.9/bin/../lib/gcc] ==> dir [/home/aitian/linaro-multilib-2014.06-gcc4.9/bin/../lib/gcc]
    arg [-L/home/aitian/linaro-multilib-2014.06-gcc4.9/bin/../lib/gcc/arm-linux-gnueabihf] ==> dir [/home/aitian/linaro-multilib-2014.06-gcc4.9/bin/../lib/gcc/arm-linux-gnueabihf]
    arg [-L/home/aitian/linaro-multilib-2014.06-gcc4.9/bin/../lib/gcc/arm-linux-gnueabihf/4.9.1/../../../../arm-linux-gnueabihf/lib/arm-linux-gnueabihf] ==> dir [/home/aitian/linaro-multilib-2014.06-gcc4.9/bin/../lib/gcc/arm-linux-gnueabihf/4.9.1/../../../../arm-linux-gnueabihf/lib/arm-linux-gnueabihf]
    arg [-L/home/aitian/linaro-multilib-2014.06-gcc4.9/bin/../lib/gcc/arm-linux-gnueabihf/4.9.1/../../../../arm-linux-gnueabihf/lib] ==> dir [/home/aitian/linaro-multilib-2014.06-gcc4.9/bin/../lib/gcc/arm-linux-gnueabihf/4.9.1/../../../../arm-linux-gnueabihf/lib]
    arg [-L/home/aitian/linaro-multilib-2014.06-gcc4.9/bin/../lib/gcc/arm-linux-gnueabihf/4.9.1/../../../../arm-linux-gnueabihf/lib/arm-linux-gnueabihf] ==> dir [/home/aitian/linaro-multilib-2014.06-gcc4.9/bin/../lib/gcc/arm-linux-gnueabihf/4.9.1/../../../../arm-linux-gnueabihf/lib/arm-linux-gnueabihf]
    arg [-L/home/aitian/linaro-multilib-2014.06-gcc4.9/bin/../arm-linux-gnueabihf/libc/lib/arm-linux-gnueabihf] ==> dir [/home/aitian/linaro-multilib-2014.06-gcc4.9/bin/../arm-linux-gnueabihf/libc/lib/arm-linux-gnueabihf]
    arg [-L/home/aitian/linaro-multilib-2014.06-gcc4.9/bin/../arm-linux-gnueabihf/libc/lib] ==> dir [/home/aitian/linaro-multilib-2014.06-gcc4.9/bin/../arm-linux-gnueabihf/libc/lib]
    arg [-L/home/aitian/linaro-multilib-2014.06-gcc4.9/bin/../arm-linux-gnueabihf/libc/lib/arm-linux-gnueabihf] ==> dir [/home/aitian/linaro-multilib-2014.06-gcc4.9/bin/../arm-linux-gnueabihf/libc/lib/arm-linux-gnueabihf]
    arg [-L/home/aitian/linaro-multilib-2014.06-gcc4.9/bin/../arm-linux-gnueabihf/libc/usr/lib/arm-linux-gnueabihf] ==> dir [/home/aitian/linaro-multilib-2014.06-gcc4.9/bin/../arm-linux-gnueabihf/libc/usr/lib/arm-linux-gnueabihf]
    arg [-L/home/aitian/linaro-multilib-2014.06-gcc4.9/bin/../arm-linux-gnueabihf/libc/usr/lib] ==> dir [/home/aitian/linaro-multilib-2014.06-gcc4.9/bin/../arm-linux-gnueabihf/libc/usr/lib]
    arg [-L/home/aitian/linaro-multilib-2014.06-gcc4.9/bin/../arm-linux-gnueabihf/libc/usr/lib/arm-linux-gnueabihf] ==> dir [/home/aitian/linaro-multilib-2014.06-gcc4.9/bin/../arm-linux-gnueabihf/libc/usr/lib/arm-linux-gnueabihf]
    arg [CMakeFiles/cmTC_3bafa.dir/CMakeCCompilerABI.c.o] ==> ignore
    arg [-lgcc] ==> lib [gcc]
    arg [--as-needed] ==> ignore
    arg [-lgcc_s] ==> lib [gcc_s]
    arg [--no-as-needed] ==> ignore
    arg [-lc] ==> lib [c]
    arg [-lgcc] ==> lib [gcc]
    arg [--as-needed] ==> ignore
    arg [-lgcc_s] ==> lib [gcc_s]
    arg [--no-as-needed] ==> ignore
    arg [/home/aitian/linaro-multilib-2014.06-gcc4.9/bin/../lib/gcc/arm-linux-gnueabihf/4.9.1/crtend.o] ==> ignore
    arg [/home/aitian/linaro-multilib-2014.06-gcc4.9/bin/../arm-linux-gnueabihf/libc/usr/lib/arm-linux-gnueabihf/crtn.o] ==> ignore
  remove lib [gcc]
  remove lib [gcc_s]
  remove lib [gcc]
  remove lib [gcc_s]
  collapse library dir [/home/aitian/linaro-multilib-2014.06-gcc4.9/bin/../lib/gcc/arm-linux-gnueabihf/4.9.1] ==> [/home/aitian/linaro-multilib-2014.06-gcc4.9/lib/gcc/arm-linux-gnueabihf/4.9.1]
  collapse library dir [/home/aitian/linaro-multilib-2014.06-gcc4.9/bin/../lib/gcc/arm-linux-gnueabihf] ==> [/home/aitian/linaro-multilib-2014.06-gcc4.9/lib/gcc/arm-linux-gnueabihf]
  collapse library dir [/home/aitian/linaro-multilib-2014.06-gcc4.9/bin/../lib/gcc] ==> [/home/aitian/linaro-multilib-2014.06-gcc4.9/lib/gcc]
  collapse library dir [/home/aitian/linaro-multilib-2014.06-gcc4.9/bin/../lib/gcc/arm-linux-gnueabihf] ==> [/home/aitian/linaro-multilib-2014.06-gcc4.9/lib/gcc/arm-linux-gnueabihf]
  collapse library dir [/home/aitian/linaro-multilib-2014.06-gcc4.9/bin/../lib/gcc/arm-linux-gnueabihf/4.9.1/../../../../arm-linux-gnueabihf/lib/arm-linux-gnueabihf] ==> [/home/aitian/linaro-multilib-2014.06-gcc4.9/arm-linux-gnueabihf/lib/arm-linux-gnueabihf]
  collapse library dir [/home/aitian/linaro-multilib-2014.06-gcc4.9/bin/../lib/gcc/arm-linux-gnueabihf/4.9.1/../../../../arm-linux-gnueabihf/lib] ==> [/home/aitian/linaro-multilib-2014.06-gcc4.9/arm-linux-gnueabihf/lib]
  collapse library dir [/home/aitian/linaro-multilib-2014.06-gcc4.9/bin/../lib/gcc/arm-linux-gnueabihf/4.9.1/../../../../arm-linux-gnueabihf/lib/arm-linux-gnueabihf] ==> [/home/aitian/linaro-multilib-2014.06-gcc4.9/arm-linux-gnueabihf/lib/arm-linux-gnueabihf]
  collapse library dir [/home/aitian/linaro-multilib-2014.06-gcc4.9/bin/../arm-linux-gnueabihf/libc/lib/arm-linux-gnueabihf] ==> [/home/aitian/linaro-multilib-2014.06-gcc4.9/arm-linux-gnueabihf/libc/lib/arm-linux-gnueabihf]
  collapse library dir [/home/aitian/linaro-multilib-2014.06-gcc4.9/bin/../arm-linux-gnueabihf/libc/lib] ==> [/home/aitian/linaro-multilib-2014.06-gcc4.9/arm-linux-gnueabihf/libc/lib]
  collapse library dir [/home/aitian/linaro-multilib-2014.06-gcc4.9/bin/../arm-linux-gnueabihf/libc/lib/arm-linux-gnueabihf] ==> [/home/aitian/linaro-multilib-2014.06-gcc4.9/arm-linux-gnueabihf/libc/lib/arm-linux-gnueabihf]
  collapse library dir [/home/aitian/linaro-multilib-2014.06-gcc4.9/bin/../arm-linux-gnueabihf/libc/usr/lib/arm-linux-gnueabihf] ==> [/home/aitian/linaro-multilib-2014.06-gcc4.9/arm-linux-gnueabihf/libc/usr/lib/arm-linux-gnueabihf]
  collapse library dir [/home/aitian/linaro-multilib-2014.06-gcc4.9/bin/../arm-linux-gnueabihf/libc/usr/lib] ==> [/home/aitian/linaro-multilib-2014.06-gcc4.9/arm-linux-gnueabihf/libc/usr/lib]
  collapse library dir [/home/aitian/linaro-multilib-2014.06-gcc4.9/bin/../arm-linux-gnueabihf/libc/usr/lib/arm-linux-gnueabihf] ==> [/home/aitian/linaro-multilib-2014.06-gcc4.9/arm-linux-gnueabihf/libc/usr/lib/arm-linux-gnueabihf]
  implicit libs: [c]
  implicit dirs: [/home/aitian/linaro-multilib-2014.06-gcc4.9/lib/gcc/arm-linux-gnueabihf/4.9.1;/home/aitian/linaro-multilib-2014.06-gcc4.9/lib/gcc/arm-linux-gnueabihf;/home/aitian/linaro-multilib-2014.06-gcc4.9/lib/gcc;/home/aitian/linaro-multilib-2014.06-gcc4.9/arm-linux-gnueabihf/lib/arm-linux-gnueabihf;/home/aitian/linaro-multilib-2014.06-gcc4.9/arm-linux-gnueabihf/lib;/home/aitian/linaro-multilib-2014.06-gcc4.9/arm-linux-gnueabihf/libc/lib/arm-linux-gnueabihf;/home/aitian/linaro-multilib-2014.06-gcc4.9/arm-linux-gnueabihf/libc/lib;/home/aitian/linaro-multilib-2014.06-gcc4.9/arm-linux-gnueabihf/libc/usr/lib/arm-linux-gnueabihf;/home/aitian/linaro-multilib-2014.06-gcc4.9/arm-linux-gnueabihf/libc/usr/lib]
  implicit fwks: []




Detecting C [-std=c11] compiler features compiled with the following output:
Change Dir: /home/aitian/project/cmake_test/build/CMakeFiles/CMakeTmp

Run Build Command:"/usr/bin/make" "cmTC_5e6dd/fast"
/usr/bin/make -f CMakeFiles/cmTC_5e6dd.dir/build.make CMakeFiles/cmTC_5e6dd.dir/build
make[1]: Entering directory '/home/aitian/project/cmake_test/build/CMakeFiles/CMakeTmp'
Building C object CMakeFiles/cmTC_5e6dd.dir/feature_tests.c.o
/home/aitian/linaro-multilib-2014.06-gcc4.9/bin/arm-linux-gnueabihf-gcc    -std=c11 -o CMakeFiles/cmTC_5e6dd.dir/feature_tests.c.o   -c /home/aitian/project/cmake_test/build/CMakeFiles/feature_tests.c
Linking C executable cmTC_5e6dd
/usr/bin/cmake -E cmake_link_script CMakeFiles/cmTC_5e6dd.dir/link.txt --verbose=1
/home/aitian/linaro-multilib-2014.06-gcc4.9/bin/arm-linux-gnueabihf-gcc       CMakeFiles/cmTC_5e6dd.dir/feature_tests.c.o  -o cmTC_5e6dd -rdynamic 
make[1]: Leaving directory '/home/aitian/project/cmake_test/build/CMakeFiles/CMakeTmp'


    Feature record: C_FEATURE:1c_function_prototypes
    Feature record: C_FEATURE:1c_restrict
    Feature record: C_FEATURE:1c_static_assert
    Feature record: C_FEATURE:1c_variadic_macros


Detecting C [-std=c99] compiler features compiled with the following output:
Change Dir: /home/aitian/project/cmake_test/build/CMakeFiles/CMakeTmp

Run Build Command:"/usr/bin/make" "cmTC_ab6ee/fast"
/usr/bin/make -f CMakeFiles/cmTC_ab6ee.dir/build.make CMakeFiles/cmTC_ab6ee.dir/build
make[1]: Entering directory '/home/aitian/project/cmake_test/build/CMakeFiles/CMakeTmp'
Building C object CMakeFiles/cmTC_ab6ee.dir/feature_tests.c.o
/home/aitian/linaro-multilib-2014.06-gcc4.9/bin/arm-linux-gnueabihf-gcc    -std=c99 -o CMakeFiles/cmTC_ab6ee.dir/feature_tests.c.o   -c /home/aitian/project/cmake_test/build/CMakeFiles/feature_tests.c
Linking C executable cmTC_ab6ee
/usr/bin/cmake -E cmake_link_script CMakeFiles/cmTC_ab6ee.dir/link.txt --verbose=1
/home/aitian/linaro-multilib-2014.06-gcc4.9/bin/arm-linux-gnueabihf-gcc       CMakeFiles/cmTC_ab6ee.dir/feature_tests.c.o  -o cmTC_ab6ee -rdynamic 
make[1]: Leaving directory '/home/aitian/project/cmake_test/build/CMakeFiles/CMakeTmp'


    Feature record: C_FEATURE:1c_function_prototypes
    Feature record: C_FEATURE:1c_restrict
    Feature record: C_FEATURE:0c_static_assert
    Feature record: C_FEATURE:1c_variadic_macros


Detecting C [-std=c90] compiler features compiled with the following output:
Change Dir: /home/aitian/project/cmake_test/build/CMakeFiles/CMakeTmp

Run Build Command:"/usr/bin/make" "cmTC_d6703/fast"
/usr/bin/make -f CMakeFiles/cmTC_d6703.dir/build.make CMakeFiles/cmTC_d6703.dir/build
make[1]: Entering directory '/home/aitian/project/cmake_test/build/CMakeFiles/CMakeTmp'
Building C object CMakeFiles/cmTC_d6703.dir/feature_tests.c.o
/home/aitian/linaro-multilib-2014.06-gcc4.9/bin/arm-linux-gnueabihf-gcc    -std=c90 -o CMakeFiles/cmTC_d6703.dir/feature_tests.c.o   -c /home/aitian/project/cmake_test/build/CMakeFiles/feature_tests.c
Linking C executable cmTC_d6703
/usr/bin/cmake -E cmake_link_script CMakeFiles/cmTC_d6703.dir/link.txt --verbose=1
/home/aitian/linaro-multilib-2014.06-gcc4.9/bin/arm-linux-gnueabihf-gcc       CMakeFiles/cmTC_d6703.dir/feature_tests.c.o  -o cmTC_d6703 -rdynamic 
make[1]: Leaving directory '/home/aitian/project/cmake_test/build/CMakeFiles/CMakeTmp'


    Feature record: C_FEATURE:1c_function_prototypes
    Feature record: C_FEATURE:0c_restrict
    Feature record: C_FEATURE:0c_static_assert
    Feature record: C_FEATURE:0c_variadic_macros
Determining if the CXX compiler works passed with the following output:
Change Dir: /home/aitian/project/cmake_test/build/CMakeFiles/CMakeTmp

Run Build Command:"/usr/bin/make" "cmTC_fa117/fast"
/usr/bin/make -f CMakeFiles/cmTC_fa117.dir/build.make CMakeFiles/cmTC_fa117.dir/build
make[1]: Entering directory '/home/aitian/project/cmake_test/build/CMakeFiles/CMakeTmp'
Building CXX object CMakeFiles/cmTC_fa117.dir/testCXXCompiler.cxx.o
/home/aitian/linaro-multilib-2014.06-gcc4.9/bin/arm-linux-gnueabihf-g++      -o CMakeFiles/cmTC_fa117.dir/testCXXCompiler.cxx.o -c /home/aitian/project/cmake_test/build/CMakeFiles/CMakeTmp/testCXXCompiler.cxx
Linking CXX executable cmTC_fa117
/usr/bin/cmake -E cmake_link_script CMakeFiles/cmTC_fa117.dir/link.txt --verbose=1
/home/aitian/linaro-multilib-2014.06-gcc4.9/bin/arm-linux-gnueabihf-g++        CMakeFiles/cmTC_fa117.dir/testCXXCompiler.cxx.o  -o cmTC_fa117 -rdynamic 
make[1]: Leaving directory '/home/aitian/project/cmake_test/build/CMakeFiles/CMakeTmp'


Detecting CXX compiler ABI info compiled with the following output:
Change Dir: /home/aitian/project/cmake_test/build/CMakeFiles/CMakeTmp

Run Build Command:"/usr/bin/make" "cmTC_bedd2/fast"
/usr/bin/make -f CMakeFiles/cmTC_bedd2.dir/build.make CMakeFiles/cmTC_bedd2.dir/build
make[1]: Entering directory '/home/aitian/project/cmake_test/build/CMakeFiles/CMakeTmp'
Building CXX object CMakeFiles/cmTC_bedd2.dir/CMakeCXXCompilerABI.cpp.o
/home/aitian/linaro-multilib-2014.06-gcc4.9/bin/arm-linux-gnueabihf-g++      -o CMakeFiles/cmTC_bedd2.dir/CMakeCXXCompilerABI.cpp.o -c /usr/share/cmake-3.5/Modules/CMakeCXXCompilerABI.cpp
Linking CXX executable cmTC_bedd2
/usr/bin/cmake -E cmake_link_script CMakeFiles/cmTC_bedd2.dir/link.txt --verbose=1
/home/aitian/linaro-multilib-2014.06-gcc4.9/bin/arm-linux-gnueabihf-g++       -v CMakeFiles/cmTC_bedd2.dir/CMakeCXXCompilerABI.cpp.o  -o cmTC_bedd2 -rdynamic  
Using built-in specs.
COLLECT_GCC=/home/aitian/linaro-multilib-2014.06-gcc4.9/bin/arm-linux-gnueabihf-g++
COLLECT_LTO_WRAPPER=/home/aitian/linaro-multilib-2014.06-gcc4.9/bin/../libexec/gcc/arm-linux-gnueabihf/4.9.1/lto-wrapper
Target: arm-linux-gnueabihf
Configured with: /development/crosstools-ng/cortexA9/.build/src/gcc-linaro-4.9-2014.06-1/configure --build=x86_64-build_unknown-linux-gnu --host=x86_64-build_unknown-linux-gnu --target=arm-linux-gnueabihf --prefix=/development/crosstools-ng/cortexA9/linaro-multilib-2014.06-gcc4.9 --with-sysroot=/development/crosstools-ng/cortexA9/linaro-multilib-2014.06-gcc4.9/arm-linux-gnueabihf/libc --enable-languages=c,c++ --with-arch=armv7-a --with-tune=cortex-a9 --with-fpu=vfpv3 --with-float=hard --with-pkgversion='crosstool-NG - Ambarella Linaro Multilib GCC [CortexA9 & ARMv6k] 2014.06' --with-bugurl=https://bugs.launchpad.net/gcc-linaro --enable-__cxa_atexit --enable-libmudflap --enable-libgomp --enable-libssp --disable-libquadmath --disable-libquadmath-support --with-gmp=/development/crosstools-ng/cortexA9/.build/arm-linux-gnueabihf/buildtools --with-mpfr=/development/crosstools-ng/cortexA9/.build/arm-linux-gnueabihf/buildtools --with-mpc=/development/crosstools-ng/cortexA9/.build/arm-linux-gnueabihf/buildtools --with-isl=/development/crosstools-ng/cortexA9/.build/arm-linux-gnueabihf/buildtools --with-cloog=/development/crosstools-ng/cortexA9/.build/arm-linux-gnueabihf/buildtools --with-libelf=/development/crosstools-ng/cortexA9/.build/arm-linux-gnueabihf/buildtools --with-host-libstdcxx='-static-libgcc -Wl,-Bstatic,-lstdc++ -lm' --enable-threads=posix --disable-libstdcxx-pch --enable-linker-build-id --enable-gold --enable-multilib --with-local-prefix=/development/crosstools-ng/cortexA9/linaro-multilib-2014.06-gcc4.9/arm-linux-gnueabihf/libc --enable-c99 --enable-long-long --with-mode=thumb
Thread model: posix
gcc version 4.9.1 20140625 (prerelease) (crosstool-NG - Ambarella Linaro Multilib GCC [CortexA9 & ARMv6k] 2014.06) 
COMPILER_PATH=/home/aitian/linaro-multilib-2014.06-gcc4.9/bin/../libexec/gcc/arm-linux-gnueabihf/4.9.1/:/home/aitian/linaro-multilib-2014.06-gcc4.9/bin/../libexec/gcc/arm-linux-gnueabihf/:/home/aitian/linaro-multilib-2014.06-gcc4.9/bin/../libexec/gcc/:/home/aitian/linaro-multilib-2014.06-gcc4.9/bin/../libexec/gcc/arm-linux-gnueabihf/:/home/aitian/linaro-multilib-2014.06-gcc4.9/bin/../lib/gcc/arm-linux-gnueabihf/4.9.1/../../../../arm-linux-gnueabihf/bin/
LIBRARY_PATH=/home/aitian/linaro-multilib-2014.06-gcc4.9/bin/../lib/gcc/arm-linux-gnueabihf/4.9.1/:/home/aitian/linaro-multilib-2014.06-gcc4.9/bin/../lib/gcc/arm-linux-gnueabihf/:/home/aitian/linaro-multilib-2014.06-gcc4.9/bin/../lib/gcc/:/home/aitian/linaro-multilib-2014.06-gcc4.9/bin/../lib/gcc/arm-linux-gnueabihf/:/home/aitian/linaro-multilib-2014.06-gcc4.9/bin/../lib/gcc/arm-linux-gnueabihf/4.9.1/../../../../arm-linux-gnueabihf/lib/arm-linux-gnueabihf/:/home/aitian/linaro-multilib-2014.06-gcc4.9/bin/../lib/gcc/arm-linux-gnueabihf/4.9.1/../../../../arm-linux-gnueabihf/lib/:/home/aitian/linaro-multilib-2014.06-gcc4.9/bin/../lib/gcc/arm-linux-gnueabihf/4.9.1/../../../../arm-linux-gnueabihf/lib/arm-linux-gnueabihf/:/home/aitian/linaro-multilib-2014.06-gcc4.9/bin/../arm-linux-gnueabihf/libc/lib/arm-linux-gnueabihf/:/home/aitian/linaro-multilib-2014.06-gcc4.9/bin/../arm-linux-gnueabihf/libc/lib/:/home/aitian/linaro-multilib-2014.06-gcc4.9/bin/../arm-linux-gnueabihf/libc/lib/arm-linux-gnueabihf/:/home/aitian/linaro-multilib-2014.06-gcc4.9/bin/../arm-linux-gnueabihf/libc/usr/lib/arm-linux-gnueabihf/:/home/aitian/linaro-multilib-2014.06-gcc4.9/bin/../arm-linux-gnueabihf/libc/usr/lib/:/home/aitian/linaro-multilib-2014.06-gcc4.9/bin/../arm-linux-gnueabihf/libc/usr/lib/arm-linux-gnueabihf/
COLLECT_GCC_OPTIONS='-v' '-o' 'cmTC_bedd2' '-rdynamic' '-shared-libgcc' '-march=armv7-a' '-mtune=cortex-a9' '-mfloat-abi=hard' '-mfpu=vfpv3' '-mthumb' '-mtls-dialect=gnu'
 /home/aitian/linaro-multilib-2014.06-gcc4.9/bin/../libexec/gcc/arm-linux-gnueabihf/4.9.1/collect2 --sysroot=/home/aitian/linaro-multilib-2014.06-gcc4.9/bin/../arm-linux-gnueabihf/libc --build-id --eh-frame-hdr -export-dynamic -dynamic-linker /lib/ld-linux-armhf.so.3 -X -m armelf_linux_eabi -o cmTC_bedd2 /home/aitian/linaro-multilib-2014.06-gcc4.9/bin/../arm-linux-gnueabihf/libc/usr/lib/arm-linux-gnueabihf/crt1.o /home/aitian/linaro-multilib-2014.06-gcc4.9/bin/../arm-linux-gnueabihf/libc/usr/lib/arm-linux-gnueabihf/crti.o /home/aitian/linaro-multilib-2014.06-gcc4.9/bin/../lib/gcc/arm-linux-gnueabihf/4.9.1/crtbegin.o -L/home/aitian/linaro-multilib-2014.06-gcc4.9/bin/../lib/gcc/arm-linux-gnueabihf/4.9.1 -L/home/aitian/linaro-multilib-2014.06-gcc4.9/bin/../lib/gcc/arm-linux-gnueabihf -L/home/aitian/linaro-multilib-2014.06-gcc4.9/bin/../lib/gcc -L/home/aitian/linaro-multilib-2014.06-gcc4.9/bin/../lib/gcc/arm-linux-gnueabihf -L/home/aitian/linaro-multilib-2014.06-gcc4.9/bin/../lib/gcc/arm-linux-gnueabihf/4.9.1/../../../../arm-linux-gnueabihf/lib/arm-linux-gnueabihf -L/home/aitian/linaro-multilib-2014.06-gcc4.9/bin/../lib/gcc/arm-linux-gnueabihf/4.9.1/../../../../arm-linux-gnueabihf/lib -L/home/aitian/linaro-multilib-2014.06-gcc4.9/bin/../lib/gcc/arm-linux-gnueabihf/4.9.1/../../../../arm-linux-gnueabihf/lib/arm-linux-gnueabihf -L/home/aitian/linaro-multilib-2014.06-gcc4.9/bin/../arm-linux-gnueabihf/libc/lib/arm-linux-gnueabihf -L/home/aitian/linaro-multilib-2014.06-gcc4.9/bin/../arm-linux-gnueabihf/libc/lib -L/home/aitian/linaro-multilib-2014.06-gcc4.9/bin/../arm-linux-gnueabihf/libc/lib/arm-linux-gnueabihf -L/home/aitian/linaro-multilib-2014.06-gcc4.9/bin/../arm-linux-gnueabihf/libc/usr/lib/arm-linux-gnueabihf -L/home/aitian/linaro-multilib-2014.06-gcc4.9/bin/../arm-linux-gnueabihf/libc/usr/lib -L/home/aitian/linaro-multilib-2014.06-gcc4.9/bin/../arm-linux-gnueabihf/libc/usr/lib/arm-linux-gnueabihf CMakeFiles/cmTC_bedd2.dir/CMakeCXXCompilerABI.cpp.o -lstdc++ -lm -lgcc_s -lgcc -lc -lgcc_s -lgcc /home/aitian/linaro-multilib-2014.06-gcc4.9/bin/../lib/gcc/arm-linux-gnueabihf/4.9.1/crtend.o /home/aitian/linaro-multilib-2014.06-gcc4.9/bin/../arm-linux-gnueabihf/libc/usr/lib/arm-linux-gnueabihf/crtn.o
make[1]: Leaving directory '/home/aitian/project/cmake_test/build/CMakeFiles/CMakeTmp'


Parsed CXX implicit link information from above output:
  link line regex: [^( *|.*[/\])(arm-linux-gnueabihf-ld|([^/\]+-)?ld|collect2)[^/\]*( |$)]
  ignore line: [Change Dir: /home/aitian/project/cmake_test/build/CMakeFiles/CMakeTmp]
  ignore line: []
  ignore line: [Run Build Command:"/usr/bin/make" "cmTC_bedd2/fast"]
  ignore line: [/usr/bin/make -f CMakeFiles/cmTC_bedd2.dir/build.make CMakeFiles/cmTC_bedd2.dir/build]
  ignore line: [make[1]: Entering directory '/home/aitian/project/cmake_test/build/CMakeFiles/CMakeTmp']
  ignore line: [Building CXX object CMakeFiles/cmTC_bedd2.dir/CMakeCXXCompilerABI.cpp.o]
  ignore line: [/home/aitian/linaro-multilib-2014.06-gcc4.9/bin/arm-linux-gnueabihf-g++      -o CMakeFiles/cmTC_bedd2.dir/CMakeCXXCompilerABI.cpp.o -c /usr/share/cmake-3.5/Modules/CMakeCXXCompilerABI.cpp]
  ignore line: [Linking CXX executable cmTC_bedd2]
  ignore line: [/usr/bin/cmake -E cmake_link_script CMakeFiles/cmTC_bedd2.dir/link.txt --verbose=1]
  ignore line: [/home/aitian/linaro-multilib-2014.06-gcc4.9/bin/arm-linux-gnueabihf-g++       -v CMakeFiles/cmTC_bedd2.dir/CMakeCXXCompilerABI.cpp.o  -o cmTC_bedd2 -rdynamic  ]
  ignore line: [Using built-in specs.]
  ignore line: [COLLECT_GCC=/home/aitian/linaro-multilib-2014.06-gcc4.9/bin/arm-linux-gnueabihf-g++]
  ignore line: [COLLECT_LTO_WRAPPER=/home/aitian/linaro-multilib-2014.06-gcc4.9/bin/../libexec/gcc/arm-linux-gnueabihf/4.9.1/lto-wrapper]
  ignore line: [Target: arm-linux-gnueabihf]
  ignore line: [Configured with: /development/crosstools-ng/cortexA9/.build/src/gcc-linaro-4.9-2014.06-1/configure --build=x86_64-build_unknown-linux-gnu --host=x86_64-build_unknown-linux-gnu --target=arm-linux-gnueabihf --prefix=/development/crosstools-ng/cortexA9/linaro-multilib-2014.06-gcc4.9 --with-sysroot=/development/crosstools-ng/cortexA9/linaro-multilib-2014.06-gcc4.9/arm-linux-gnueabihf/libc --enable-languages=c,c++ --with-arch=armv7-a --with-tune=cortex-a9 --with-fpu=vfpv3 --with-float=hard --with-pkgversion='crosstool-NG - Ambarella Linaro Multilib GCC [CortexA9 & ARMv6k] 2014.06' --with-bugurl=https://bugs.launchpad.net/gcc-linaro --enable-__cxa_atexit --enable-libmudflap --enable-libgomp --enable-libssp --disable-libquadmath --disable-libquadmath-support --with-gmp=/development/crosstools-ng/cortexA9/.build/arm-linux-gnueabihf/buildtools --with-mpfr=/development/crosstools-ng/cortexA9/.build/arm-linux-gnueabihf/buildtools --with-mpc=/development/crosstools-ng/cortexA9/.build/arm-linux-gnueabihf/buildtools --with-isl=/development/crosstools-ng/cortexA9/.build/arm-linux-gnueabihf/buildtools --with-cloog=/development/crosstools-ng/cortexA9/.build/arm-linux-gnueabihf/buildtools --with-libelf=/development/crosstools-ng/cortexA9/.build/arm-linux-gnueabihf/buildtools --with-host-libstdcxx='-static-libgcc -Wl,-Bstatic,-lstdc++ -lm' --enable-threads=posix --disable-libstdcxx-pch --enable-linker-build-id --enable-gold --enable-multilib --with-local-prefix=/development/crosstools-ng/cortexA9/linaro-multilib-2014.06-gcc4.9/arm-linux-gnueabihf/libc --enable-c99 --enable-long-long --with-mode=thumb]
  ignore line: [Thread model: posix]
  ignore line: [gcc version 4.9.1 20140625 (prerelease) (crosstool-NG - Ambarella Linaro Multilib GCC [CortexA9 & ARMv6k] 2014.06) ]
  ignore line: [COMPILER_PATH=/home/aitian/linaro-multilib-2014.06-gcc4.9/bin/../libexec/gcc/arm-linux-gnueabihf/4.9.1/:/home/aitian/linaro-multilib-2014.06-gcc4.9/bin/../libexec/gcc/arm-linux-gnueabihf/:/home/aitian/linaro-multilib-2014.06-gcc4.9/bin/../libexec/gcc/:/home/aitian/linaro-multilib-2014.06-gcc4.9/bin/../libexec/gcc/arm-linux-gnueabihf/:/home/aitian/linaro-multilib-2014.06-gcc4.9/bin/../lib/gcc/arm-linux-gnueabihf/4.9.1/../../../../arm-linux-gnueabihf/bin/]
  ignore line: [LIBRARY_PATH=/home/aitian/linaro-multilib-2014.06-gcc4.9/bin/../lib/gcc/arm-linux-gnueabihf/4.9.1/:/home/aitian/linaro-multilib-2014.06-gcc4.9/bin/../lib/gcc/arm-linux-gnueabihf/:/home/aitian/linaro-multilib-2014.06-gcc4.9/bin/../lib/gcc/:/home/aitian/linaro-multilib-2014.06-gcc4.9/bin/../lib/gcc/arm-linux-gnueabihf/:/home/aitian/linaro-multilib-2014.06-gcc4.9/bin/../lib/gcc/arm-linux-gnueabihf/4.9.1/../../../../arm-linux-gnueabihf/lib/arm-linux-gnueabihf/:/home/aitian/linaro-multilib-2014.06-gcc4.9/bin/../lib/gcc/arm-linux-gnueabihf/4.9.1/../../../../arm-linux-gnueabihf/lib/:/home/aitian/linaro-multilib-2014.06-gcc4.9/bin/../lib/gcc/arm-linux-gnueabihf/4.9.1/../../../../arm-linux-gnueabihf/lib/arm-linux-gnueabihf/:/home/aitian/linaro-multilib-2014.06-gcc4.9/bin/../arm-linux-gnueabihf/libc/lib/arm-linux-gnueabihf/:/home/aitian/linaro-multilib-2014.06-gcc4.9/bin/../arm-linux-gnueabihf/libc/lib/:/home/aitian/linaro-multilib-2014.06-gcc4.9/bin/../arm-linux-gnueabihf/libc/lib/arm-linux-gnueabihf/:/home/aitian/linaro-multilib-2014.06-gcc4.9/bin/../arm-linux-gnueabihf/libc/usr/lib/arm-linux-gnueabihf/:/home/aitian/linaro-multilib-2014.06-gcc4.9/bin/../arm-linux-gnueabihf/libc/usr/lib/:/home/aitian/linaro-multilib-2014.06-gcc4.9/bin/../arm-linux-gnueabihf/libc/usr/lib/arm-linux-gnueabihf/]
  ignore line: [COLLECT_GCC_OPTIONS='-v' '-o' 'cmTC_bedd2' '-rdynamic' '-shared-libgcc' '-march=armv7-a' '-mtune=cortex-a9' '-mfloat-abi=hard' '-mfpu=vfpv3' '-mthumb' '-mtls-dialect=gnu']
  link line: [ /home/aitian/linaro-multilib-2014.06-gcc4.9/bin/../libexec/gcc/arm-linux-gnueabihf/4.9.1/collect2 --sysroot=/home/aitian/linaro-multilib-2014.06-gcc4.9/bin/../arm-linux-gnueabihf/libc --build-id --eh-frame-hdr -export-dynamic -dynamic-linker /lib/ld-linux-armhf.so.3 -X -m armelf_linux_eabi -o cmTC_bedd2 /home/aitian/linaro-multilib-2014.06-gcc4.9/bin/../arm-linux-gnueabihf/libc/usr/lib/arm-linux-gnueabihf/crt1.o /home/aitian/linaro-multilib-2014.06-gcc4.9/bin/../arm-linux-gnueabihf/libc/usr/lib/arm-linux-gnueabihf/crti.o /home/aitian/linaro-multilib-2014.06-gcc4.9/bin/../lib/gcc/arm-linux-gnueabihf/4.9.1/crtbegin.o -L/home/aitian/linaro-multilib-2014.06-gcc4.9/bin/../lib/gcc/arm-linux-gnueabihf/4.9.1 -L/home/aitian/linaro-multilib-2014.06-gcc4.9/bin/../lib/gcc/arm-linux-gnueabihf -L/home/aitian/linaro-multilib-2014.06-gcc4.9/bin/../lib/gcc -L/home/aitian/linaro-multilib-2014.06-gcc4.9/bin/../lib/gcc/arm-linux-gnueabihf -L/home/aitian/linaro-multilib-2014.06-gcc4.9/bin/../lib/gcc/arm-linux-gnueabihf/4.9.1/../../../../arm-linux-gnueabihf/lib/arm-linux-gnueabihf -L/home/aitian/linaro-multilib-2014.06-gcc4.9/bin/../lib/gcc/arm-linux-gnueabihf/4.9.1/../../../../arm-linux-gnueabihf/lib -L/home/aitian/linaro-multilib-2014.06-gcc4.9/bin/../lib/gcc/arm-linux-gnueabihf/4.9.1/../../../../arm-linux-gnueabihf/lib/arm-linux-gnueabihf -L/home/aitian/linaro-multilib-2014.06-gcc4.9/bin/../arm-linux-gnueabihf/libc/lib/arm-linux-gnueabihf -L/home/aitian/linaro-multilib-2014.06-gcc4.9/bin/../arm-linux-gnueabihf/libc/lib -L/home/aitian/linaro-multilib-2014.06-gcc4.9/bin/../arm-linux-gnueabihf/libc/lib/arm-linux-gnueabihf -L/home/aitian/linaro-multilib-2014.06-gcc4.9/bin/../arm-linux-gnueabihf/libc/usr/lib/arm-linux-gnueabihf -L/home/aitian/linaro-multilib-2014.06-gcc4.9/bin/../arm-linux-gnueabihf/libc/usr/lib -L/home/aitian/linaro-multilib-2014.06-gcc4.9/bin/../arm-linux-gnueabihf/libc/usr/lib/arm-linux-gnueabihf CMakeFiles/cmTC_bedd2.dir/CMakeCXXCompilerABI.cpp.o -lstdc++ -lm -lgcc_s -lgcc -lc -lgcc_s -lgcc /home/aitian/linaro-multilib-2014.06-gcc4.9/bin/../lib/gcc/arm-linux-gnueabihf/4.9.1/crtend.o /home/aitian/linaro-multilib-2014.06-gcc4.9/bin/../arm-linux-gnueabihf/libc/usr/lib/arm-linux-gnueabihf/crtn.o]
    arg [/home/aitian/linaro-multilib-2014.06-gcc4.9/bin/../libexec/gcc/arm-linux-gnueabihf/4.9.1/collect2] ==> ignore
    arg [--sysroot=/home/aitian/linaro-multilib-2014.06-gcc4.9/bin/../arm-linux-gnueabihf/libc] ==> ignore
    arg [--build-id] ==> ignore
    arg [--eh-frame-hdr] ==> ignore
    arg [-export-dynamic] ==> ignore
    arg [-dynamic-linker] ==> ignore
    arg [/lib/ld-linux-armhf.so.3] ==> ignore
    arg [-X] ==> ignore
    arg [-m] ==> ignore
    arg [armelf_linux_eabi] ==> ignore
    arg [-o] ==> ignore
    arg [cmTC_bedd2] ==> ignore
    arg [/home/aitian/linaro-multilib-2014.06-gcc4.9/bin/../arm-linux-gnueabihf/libc/usr/lib/arm-linux-gnueabihf/crt1.o] ==> ignore
    arg [/home/aitian/linaro-multilib-2014.06-gcc4.9/bin/../arm-linux-gnueabihf/libc/usr/lib/arm-linux-gnueabihf/crti.o] ==> ignore
    arg [/home/aitian/linaro-multilib-2014.06-gcc4.9/bin/../lib/gcc/arm-linux-gnueabihf/4.9.1/crtbegin.o] ==> ignore
    arg [-L/home/aitian/linaro-multilib-2014.06-gcc4.9/bin/../lib/gcc/arm-linux-gnueabihf/4.9.1] ==> dir [/home/aitian/linaro-multilib-2014.06-gcc4.9/bin/../lib/gcc/arm-linux-gnueabihf/4.9.1]
    arg [-L/home/aitian/linaro-multilib-2014.06-gcc4.9/bin/../lib/gcc/arm-linux-gnueabihf] ==> dir [/home/aitian/linaro-multilib-2014.06-gcc4.9/bin/../lib/gcc/arm-linux-gnueabihf]
    arg [-L/home/aitian/linaro-multilib-2014.06-gcc4.9/bin/../lib/gcc] ==> dir [/home/aitian/linaro-multilib-2014.06-gcc4.9/bin/../lib/gcc]
    arg [-L/home/aitian/linaro-multilib-2014.06-gcc4.9/bin/../lib/gcc/arm-linux-gnueabihf] ==> dir [/home/aitian/linaro-multilib-2014.06-gcc4.9/bin/../lib/gcc/arm-linux-gnueabihf]
    arg [-L/home/aitian/linaro-multilib-2014.06-gcc4.9/bin/../lib/gcc/arm-linux-gnueabihf/4.9.1/../../../../arm-linux-gnueabihf/lib/arm-linux-gnueabihf] ==> dir [/home/aitian/linaro-multilib-2014.06-gcc4.9/bin/../lib/gcc/arm-linux-gnueabihf/4.9.1/../../../../arm-linux-gnueabihf/lib/arm-linux-gnueabihf]
    arg [-L/home/aitian/linaro-multilib-2014.06-gcc4.9/bin/../lib/gcc/arm-linux-gnueabihf/4.9.1/../../../../arm-linux-gnueabihf/lib] ==> dir [/home/aitian/linaro-multilib-2014.06-gcc4.9/bin/../lib/gcc/arm-linux-gnueabihf/4.9.1/../../../../arm-linux-gnueabihf/lib]
    arg [-L/home/aitian/linaro-multilib-2014.06-gcc4.9/bin/../lib/gcc/arm-linux-gnueabihf/4.9.1/../../../../arm-linux-gnueabihf/lib/arm-linux-gnueabihf] ==> dir [/home/aitian/linaro-multilib-2014.06-gcc4.9/bin/../lib/gcc/arm-linux-gnueabihf/4.9.1/../../../../arm-linux-gnueabihf/lib/arm-linux-gnueabihf]
    arg [-L/home/aitian/linaro-multilib-2014.06-gcc4.9/bin/../arm-linux-gnueabihf/libc/lib/arm-linux-gnueabihf] ==> dir [/home/aitian/linaro-multilib-2014.06-gcc4.9/bin/../arm-linux-gnueabihf/libc/lib/arm-linux-gnueabihf]
    arg [-L/home/aitian/linaro-multilib-2014.06-gcc4.9/bin/../arm-linux-gnueabihf/libc/lib] ==> dir [/home/aitian/linaro-multilib-2014.06-gcc4.9/bin/../arm-linux-gnueabihf/libc/lib]
    arg [-L/home/aitian/linaro-multilib-2014.06-gcc4.9/bin/../arm-linux-gnueabihf/libc/lib/arm-linux-gnueabihf] ==> dir [/home/aitian/linaro-multilib-2014.06-gcc4.9/bin/../arm-linux-gnueabihf/libc/lib/arm-linux-gnueabihf]
    arg [-L/home/aitian/linaro-multilib-2014.06-gcc4.9/bin/../arm-linux-gnueabihf/libc/usr/lib/arm-linux-gnueabihf] ==> dir [/home/aitian/linaro-multilib-2014.06-gcc4.9/bin/../arm-linux-gnueabihf/libc/usr/lib/arm-linux-gnueabihf]
    arg [-L/home/aitian/linaro-multilib-2014.06-gcc4.9/bin/../arm-linux-gnueabihf/libc/usr/lib] ==> dir [/home/aitian/linaro-multilib-2014.06-gcc4.9/bin/../arm-linux-gnueabihf/libc/usr/lib]
    arg [-L/home/aitian/linaro-multilib-2014.06-gcc4.9/bin/../arm-linux-gnueabihf/libc/usr/lib/arm-linux-gnueabihf] ==> dir [/home/aitian/linaro-multilib-2014.06-gcc4.9/bin/../arm-linux-gnueabihf/libc/usr/lib/arm-linux-gnueabihf]
    arg [CMakeFiles/cmTC_bedd2.dir/CMakeCXXCompilerABI.cpp.o] ==> ignore
    arg [-lstdc++] ==> lib [stdc++]
    arg [-lm] ==> lib [m]
    arg [-lgcc_s] ==> lib [gcc_s]
    arg [-lgcc] ==> lib [gcc]
    arg [-lc] ==> lib [c]
    arg [-lgcc_s] ==> lib [gcc_s]
    arg [-lgcc] ==> lib [gcc]
    arg [/home/aitian/linaro-multilib-2014.06-gcc4.9/bin/../lib/gcc/arm-linux-gnueabihf/4.9.1/crtend.o] ==> ignore
    arg [/home/aitian/linaro-multilib-2014.06-gcc4.9/bin/../arm-linux-gnueabihf/libc/usr/lib/arm-linux-gnueabihf/crtn.o] ==> ignore
  remove lib [gcc_s]
  remove lib [gcc]
  remove lib [gcc_s]
  remove lib [gcc]
  collapse library dir [/home/aitian/linaro-multilib-2014.06-gcc4.9/bin/../lib/gcc/arm-linux-gnueabihf/4.9.1] ==> [/home/aitian/linaro-multilib-2014.06-gcc4.9/lib/gcc/arm-linux-gnueabihf/4.9.1]
  collapse library dir [/home/aitian/linaro-multilib-2014.06-gcc4.9/bin/../lib/gcc/arm-linux-gnueabihf] ==> [/home/aitian/linaro-multilib-2014.06-gcc4.9/lib/gcc/arm-linux-gnueabihf]
  collapse library dir [/home/aitian/linaro-multilib-2014.06-gcc4.9/bin/../lib/gcc] ==> [/home/aitian/linaro-multilib-2014.06-gcc4.9/lib/gcc]
  collapse library dir [/home/aitian/linaro-multilib-2014.06-gcc4.9/bin/../lib/gcc/arm-linux-gnueabihf] ==> [/home/aitian/linaro-multilib-2014.06-gcc4.9/lib/gcc/arm-linux-gnueabihf]
  collapse library dir [/home/aitian/linaro-multilib-2014.06-gcc4.9/bin/../lib/gcc/arm-linux-gnueabihf/4.9.1/../../../../arm-linux-gnueabihf/lib/arm-linux-gnueabihf] ==> [/home/aitian/linaro-multilib-2014.06-gcc4.9/arm-linux-gnueabihf/lib/arm-linux-gnueabihf]
  collapse library dir [/home/aitian/linaro-multilib-2014.06-gcc4.9/bin/../lib/gcc/arm-linux-gnueabihf/4.9.1/../../../../arm-linux-gnueabihf/lib] ==> [/home/aitian/linaro-multilib-2014.06-gcc4.9/arm-linux-gnueabihf/lib]
  collapse library dir [/home/aitian/linaro-multilib-2014.06-gcc4.9/bin/../lib/gcc/arm-linux-gnueabihf/4.9.1/../../../../arm-linux-gnueabihf/lib/arm-linux-gnueabihf] ==> [/home/aitian/linaro-multilib-2014.06-gcc4.9/arm-linux-gnueabihf/lib/arm-linux-gnueabihf]
  collapse library dir [/home/aitian/linaro-multilib-2014.06-gcc4.9/bin/../arm-linux-gnueabihf/libc/lib/arm-linux-gnueabihf] ==> [/home/aitian/linaro-multilib-2014.06-gcc4.9/arm-linux-gnueabihf/libc/lib/arm-linux-gnueabihf]
  collapse library dir [/home/aitian/linaro-multilib-2014.06-gcc4.9/bin/../arm-linux-gnueabihf/libc/lib] ==> [/home/aitian/linaro-multilib-2014.06-gcc4.9/arm-linux-gnueabihf/libc/lib]
  collapse library dir [/home/aitian/linaro-multilib-2014.06-gcc4.9/bin/../arm-linux-gnueabihf/libc/lib/arm-linux-gnueabihf] ==> [/home/aitian/linaro-multilib-2014.06-gcc4.9/arm-linux-gnueabihf/libc/lib/arm-linux-gnueabihf]
  collapse library dir [/home/aitian/linaro-multilib-2014.06-gcc4.9/bin/../arm-linux-gnueabihf/libc/usr/lib/arm-linux-gnueabihf] ==> [/home/aitian/linaro-multilib-2014.06-gcc4.9/arm-linux-gnueabihf/libc/usr/lib/arm-linux-gnueabihf]
  collapse library dir [/home/aitian/linaro-multilib-2014.06-gcc4.9/bin/../arm-linux-gnueabihf/libc/usr/lib] ==> [/home/aitian/linaro-multilib-2014.06-gcc4.9/arm-linux-gnueabihf/libc/usr/lib]
  collapse library dir [/home/aitian/linaro-multilib-2014.06-gcc4.9/bin/../arm-linux-gnueabihf/libc/usr/lib/arm-linux-gnueabihf] ==> [/home/aitian/linaro-multilib-2014.06-gcc4.9/arm-linux-gnueabihf/libc/usr/lib/arm-linux-gnueabihf]
  implicit libs: [stdc++;m;c]
  implicit dirs: [/home/aitian/linaro-multilib-2014.06-gcc4.9/lib/gcc/arm-linux-gnueabihf/4.9.1;/home/aitian/linaro-multilib-2014.06-gcc4.9/lib/gcc/arm-linux-gnueabihf;/home/aitian/linaro-multilib-2014.06-gcc4.9/lib/gcc;/home/aitian/linaro-multilib-2014.06-gcc4.9/arm-linux-gnueabihf/lib/arm-linux-gnueabihf;/home/aitian/linaro-multilib-2014.06-gcc4.9/arm-linux-gnueabihf/lib;/home/aitian/linaro-multilib-2014.06-gcc4.9/arm-linux-gnueabihf/libc/lib/arm-linux-gnueabihf;/home/aitian/linaro-multilib-2014.06-gcc4.9/arm-linux-gnueabihf/libc/lib;/home/aitian/linaro-multilib-2014.06-gcc4.9/arm-linux-gnueabihf/libc/usr/lib/arm-linux-gnueabihf;/home/aitian/linaro-multilib-2014.06-gcc4.9/arm-linux-gnueabihf/libc/usr/lib]
  implicit fwks: []




Detecting CXX [-std=c++14] compiler features compiled with the following output:
Change Dir: /home/aitian/project/cmake_test/build/CMakeFiles/CMakeTmp

Run Build Command:"/usr/bin/make" "cmTC_f863a/fast"
/usr/bin/make -f CMakeFiles/cmTC_f863a.dir/build.make CMakeFiles/cmTC_f863a.dir/build
make[1]: Entering directory '/home/aitian/project/cmake_test/build/CMakeFiles/CMakeTmp'
Building CXX object CMakeFiles/cmTC_f863a.dir/feature_tests.cxx.o
/home/aitian/linaro-multilib-2014.06-gcc4.9/bin/arm-linux-gnueabihf-g++     -std=c++14 -o CMakeFiles/cmTC_f863a.dir/feature_tests.cxx.o -c /home/aitian/project/cmake_test/build/CMakeFiles/feature_tests.cxx
Linking CXX executable cmTC_f863a
/usr/bin/cmake -E cmake_link_script CMakeFiles/cmTC_f863a.dir/link.txt --verbose=1
/home/aitian/linaro-multilib-2014.06-gcc4.9/bin/arm-linux-gnueabihf-g++        CMakeFiles/cmTC_f863a.dir/feature_tests.cxx.o  -o cmTC_f863a -rdynamic 
make[1]: Leaving directory '/home/aitian/project/cmake_test/build/CMakeFiles/CMakeTmp'


    Feature record: CXX_FEATURE:0cxx_aggregate_default_initializers
    Feature record: CXX_FEATURE:1cxx_alias_templates
    Feature record: CXX_FEATURE:1cxx_alignas
    Feature record: CXX_FEATURE:1cxx_alignof
    Feature record: CXX_FEATURE:1cxx_attributes
    Feature record: CXX_FEATURE:1cxx_attribute_deprecated
    Feature record: CXX_FEATURE:1cxx_auto_type
    Feature record: CXX_FEATURE:1cxx_binary_literals
    Feature record: CXX_FEATURE:1cxx_constexpr
    Feature record: CXX_FEATURE:1cxx_contextual_conversions
    Feature record: CXX_FEATURE:1cxx_decltype
    Feature record: CXX_FEATURE:1cxx_decltype_auto
    Feature record: CXX_FEATURE:1cxx_decltype_incomplete_return_types
    Feature record: CXX_FEATURE:1cxx_default_function_template_args
    Feature record: CXX_FEATURE:1cxx_defaulted_functions
    Feature record: CXX_FEATURE:1cxx_defaulted_move_initializers
    Feature record: CXX_FEATURE:1cxx_delegating_constructors
    Feature record: CXX_FEATURE:1cxx_deleted_functions
    Feature record: CXX_FEATURE:1cxx_digit_separators
    Feature record: CXX_FEATURE:1cxx_enum_forward_declarations
    Feature record: CXX_FEATURE:1cxx_explicit_conversions
    Feature record: CXX_FEATURE:1cxx_extended_friend_declarations
    Feature record: CXX_FEATURE:1cxx_extern_templates
    Feature record: CXX_FEATURE:1cxx_final
    Feature record: CXX_FEATURE:1cxx_func_identifier
    Feature record: CXX_FEATURE:1cxx_generalized_initializers
    Feature record: CXX_FEATURE:1cxx_generic_lambdas
    Feature record: CXX_FEATURE:1cxx_inheriting_constructors
    Feature record: CXX_FEATURE:1cxx_inline_namespaces
    Feature record: CXX_FEATURE:1cxx_lambdas
    Feature record: CXX_FEATURE:1cxx_lambda_init_captures
    Feature record: CXX_FEATURE:1cxx_local_type_template_args
    Feature record: CXX_FEATURE:1cxx_long_long_type
    Feature record: CXX_FEATURE:1cxx_noexcept
    Feature record: CXX_FEATURE:1cxx_nonstatic_member_init
    Feature record: CXX_FEATURE:1cxx_nullptr
    Feature record: CXX_FEATURE:1cxx_override
    Feature record: CXX_FEATURE:1cxx_range_for
    Feature record: CXX_FEATURE:1cxx_raw_string_literals
    Feature record: CXX_FEATURE:1cxx_reference_qualified_functions
    Feature record: CXX_FEATURE:0cxx_relaxed_constexpr
    Feature record: CXX_FEATURE:1cxx_return_type_deduction
    Feature record: CXX_FEATURE:1cxx_right_angle_brackets
    Feature record: CXX_FEATURE:1cxx_rvalue_references
    Feature record: CXX_FEATURE:1cxx_sizeof_member
    Feature record: CXX_FEATURE:1cxx_static_assert
    Feature record: CXX_FEATURE:1cxx_strong_enums
    Feature record: CXX_FEATURE:1cxx_template_template_parameters
    Feature record: CXX_FEATURE:1cxx_thread_local
    Feature record: CXX_FEATURE:1cxx_trailing_return_types
    Feature record: CXX_FEATURE:1cxx_unicode_literals
    Feature record: CXX_FEATURE:1cxx_uniform_initialization
    Feature record: CXX_FEATURE:1cxx_unrestricted_unions
    Feature record: CXX_FEATURE:1cxx_user_literals
    Feature record: CXX_FEATURE:0cxx_variable_templates
    Feature record: CXX_FEATURE:1cxx_variadic_macros
    Feature record: CXX_FEATURE:1cxx_variadic_templates


Detecting CXX [-std=c++11] compiler features compiled with the following output:
Change Dir: /home/aitian/project/cmake_test/build/CMakeFiles/CMakeTmp

Run Build Command:"/usr/bin/make" "cmTC_647fb/fast"
/usr/bin/make -f CMakeFiles/cmTC_647fb.dir/build.make CMakeFiles/cmTC_647fb.dir/build
make[1]: Entering directory '/home/aitian/project/cmake_test/build/CMakeFiles/CMakeTmp'
Building CXX object CMakeFiles/cmTC_647fb.dir/feature_tests.cxx.o
/home/aitian/linaro-multilib-2014.06-gcc4.9/bin/arm-linux-gnueabihf-g++     -std=c++11 -o CMakeFiles/cmTC_647fb.dir/feature_tests.cxx.o -c /home/aitian/project/cmake_test/build/CMakeFiles/feature_tests.cxx
Linking CXX executable cmTC_647fb
/usr/bin/cmake -E cmake_link_script CMakeFiles/cmTC_647fb.dir/link.txt --verbose=1
/home/aitian/linaro-multilib-2014.06-gcc4.9/bin/arm-linux-gnueabihf-g++        CMakeFiles/cmTC_647fb.dir/feature_tests.cxx.o  -o cmTC_647fb -rdynamic 
make[1]: Leaving directory '/home/aitian/project/cmake_test/build/CMakeFiles/CMakeTmp'


    Feature record: CXX_FEATURE:0cxx_aggregate_default_initializers
    Feature record: CXX_FEATURE:1cxx_alias_templates
    Feature record: CXX_FEATURE:1cxx_alignas
    Feature record: CXX_FEATURE:1cxx_alignof
    Feature record: CXX_FEATURE:1cxx_attributes
    Feature record: CXX_FEATURE:0cxx_attribute_deprecated
    Feature record: CXX_FEATURE:1cxx_auto_type
    Feature record: CXX_FEATURE:0cxx_binary_literals
    Feature record: CXX_FEATURE:1cxx_constexpr
    Feature record: CXX_FEATURE:0cxx_contextual_conversions
    Feature record: CXX_FEATURE:1cxx_decltype
    Feature record: CXX_FEATURE:0cxx_decltype_auto
    Feature record: CXX_FEATURE:1cxx_decltype_incomplete_return_types
    Feature record: CXX_FEATURE:1cxx_default_function_template_args
    Feature record: CXX_FEATURE:1cxx_defaulted_functions
    Feature record: CXX_FEATURE:1cxx_defaulted_move_initializers
    Feature record: CXX_FEATURE:1cxx_delegating_constructors
    Feature record: CXX_FEATURE:1cxx_deleted_functions
    Feature record: CXX_FEATURE:0cxx_digit_separators
    Feature record: CXX_FEATURE:1cxx_enum_forward_declarations
    Feature record: CXX_FEATURE:1cxx_explicit_conversions
    Feature record: CXX_FEATURE:1cxx_extended_friend_declarations
    Feature record: CXX_FEATURE:1cxx_extern_templates
    Feature record: CXX_FEATURE:1cxx_final
    Feature record: CXX_FEATURE:1cxx_func_identifier
    Feature record: CXX_FEATURE:1cxx_generalized_initializers
    Feature record: CXX_FEATURE:0cxx_generic_lambdas
    Feature record: CXX_FEATURE:1cxx_inheriting_constructors
    Feature record: CXX_FEATURE:1cxx_inline_namespaces
    Feature record: CXX_FEATURE:1cxx_lambdas
    Feature record: CXX_FEATURE:0cxx_lambda_init_captures
    Feature record: CXX_FEATURE:1cxx_local_type_template_args
    Feature record: CXX_FEATURE:1cxx_long_long_type
    Feature record: CXX_FEATURE:1cxx_noexcept
    Feature record: CXX_FEATURE:1cxx_nonstatic_member_init
    Feature record: CXX_FEATURE:1cxx_nullptr
    Feature record: CXX_FEATURE:1cxx_override
    Feature record: CXX_FEATURE:1cxx_range_for
    Feature record: CXX_FEATURE:1cxx_raw_string_literals
    Feature record: CXX_FEATURE:1cxx_reference_qualified_functions
    Feature record: CXX_FEATURE:0cxx_relaxed_constexpr
    Feature record: CXX_FEATURE:0cxx_return_type_deduction
    Feature record: CXX_FEATURE:1cxx_right_angle_brackets
    Feature record: CXX_FEATURE:1cxx_rvalue_references
    Feature record: CXX_FEATURE:1cxx_sizeof_member
    Feature record: CXX_FEATURE:1cxx_static_assert
    Feature record: CXX_FEATURE:1cxx_strong_enums
    Feature record: CXX_FEATURE:1cxx_template_template_parameters
    Feature record: CXX_FEATURE:1cxx_thread_local
    Feature record: CXX_FEATURE:1cxx_trailing_return_types
    Feature record: CXX_FEATURE:1cxx_unicode_literals
    Feature record: CXX_FEATURE:1cxx_uniform_initialization
    Feature record: CXX_FEATURE:1cxx_unrestricted_unions
    Feature record: CXX_FEATURE:1cxx_user_literals
    Feature record: CXX_FEATURE:0cxx_variable_templates
    Feature record: CXX_FEATURE:1cxx_variadic_macros
    Feature record: CXX_FEATURE:1cxx_variadic_templates


Detecting CXX [-std=c++98] compiler features compiled with the following output:
Change Dir: /home/aitian/project/cmake_test/build/CMakeFiles/CMakeTmp

Run Build Command:"/usr/bin/make" "cmTC_8270f/fast"
/usr/bin/make -f CMakeFiles/cmTC_8270f.dir/build.make CMakeFiles/cmTC_8270f.dir/build
make[1]: Entering directory '/home/aitian/project/cmake_test/build/CMakeFiles/CMakeTmp'
Building CXX object CMakeFiles/cmTC_8270f.dir/feature_tests.cxx.o
/home/aitian/linaro-multilib-2014.06-gcc4.9/bin/arm-linux-gnueabihf-g++     -std=c++98 -o CMakeFiles/cmTC_8270f.dir/feature_tests.cxx.o -c /home/aitian/project/cmake_test/build/CMakeFiles/feature_tests.cxx
Linking CXX executable cmTC_8270f
/usr/bin/cmake -E cmake_link_script CMakeFiles/cmTC_8270f.dir/link.txt --verbose=1
/home/aitian/linaro-multilib-2014.06-gcc4.9/bin/arm-linux-gnueabihf-g++        CMakeFiles/cmTC_8270f.dir/feature_tests.cxx.o  -o cmTC_8270f -rdynamic 
make[1]: Leaving directory '/home/aitian/project/cmake_test/build/CMakeFiles/CMakeTmp'


    Feature record: CXX_FEATURE:0cxx_aggregate_default_initializers
    Feature record: CXX_FEATURE:0cxx_alias_templates
    Feature record: CXX_FEATURE:0cxx_alignas
    Feature record: CXX_FEATURE:0cxx_alignof
    Feature record: CXX_FEATURE:0cxx_attributes
    Feature record: CXX_FEATURE:0cxx_attribute_deprecated
    Feature record: CXX_FEATURE:0cxx_auto_type
    Feature record: CXX_FEATURE:0cxx_binary_literals
    Feature record: CXX_FEATURE:0cxx_constexpr
    Feature record: CXX_FEATURE:0cxx_contextual_conversions
    Feature record: CXX_FEATURE:0cxx_decltype
    Feature record: CXX_FEATURE:0cxx_decltype_auto
    Feature record: CXX_FEATURE:0cxx_decltype_incomplete_return_types
    Feature record: CXX_FEATURE:0cxx_default_function_template_args
    Feature record: CXX_FEATURE:0cxx_defaulted_functions
    Feature record: CXX_FEATURE:0cxx_defaulted_move_initializers
    Feature record: CXX_FEATURE:0cxx_delegating_constructors
    Feature record: CXX_FEATURE:0cxx_deleted_functions
    Feature record: CXX_FEATURE:0cxx_digit_separators
    Feature record: CXX_FEATURE:0cxx_enum_forward_declarations
    Feature record: CXX_FEATURE:0cxx_explicit_conversions
    Feature record: CXX_FEATURE:0cxx_extended_friend_declarations
    Feature record: CXX_FEATURE:0cxx_extern_templates
    Feature record: CXX_FEATURE:0cxx_final
    Feature record: CXX_FEATURE:0cxx_func_identifier
    Feature record: CXX_FEATURE:0cxx_generalized_initializers
    Feature record: CXX_FEATURE:0cxx_generic_lambdas
    Feature record: CXX_FEATURE:0cxx_inheriting_constructors
    Feature record: CXX_FEATURE:0cxx_inline_namespaces
    Feature record: CXX_FEATURE:0cxx_lambdas
    Feature record: CXX_FEATURE:0cxx_lambda_init_captures
    Feature record: CXX_FEATURE:0cxx_local_type_template_args
    Feature record: CXX_FEATURE:0cxx_long_long_type
    Feature record: CXX_FEATURE:0cxx_noexcept
    Feature record: CXX_FEATURE:0cxx_nonstatic_member_init
    Feature record: CXX_FEATURE:0cxx_nullptr
    Feature record: CXX_FEATURE:0cxx_override
    Feature record: CXX_FEATURE:0cxx_range_for
    Feature record: CXX_FEATURE:0cxx_raw_string_literals
    Feature record: CXX_FEATURE:0cxx_reference_qualified_functions
    Feature record: CXX_FEATURE:0cxx_relaxed_constexpr
    Feature record: CXX_FEATURE:0cxx_return_type_deduction
    Feature record: CXX_FEATURE:0cxx_right_angle_brackets
    Feature record: CXX_FEATURE:0cxx_rvalue_references
    Feature record: CXX_FEATURE:0cxx_sizeof_member
    Feature record: CXX_FEATURE:0cxx_static_assert
    Feature record: CXX_FEATURE:0cxx_strong_enums
    Feature record: CXX_FEATURE:1cxx_template_template_parameters
    Feature record: CXX_FEATURE:0cxx_thread_local
    Feature record: CXX_FEATURE:0cxx_trailing_return_types
    Feature record: CXX_FEATURE:0cxx_unicode_literals
    Feature record: CXX_FEATURE:0cxx_uniform_initialization
    Feature record: CXX_FEATURE:0cxx_unrestricted_unions
    Feature record: CXX_FEATURE:0cxx_user_literals
    Feature record: CXX_FEATURE:0cxx_variable_templates
    Feature record: CXX_FEATURE:0cxx_variadic_macros
    Feature record: CXX_FEATURE:0cxx_variadic_templates
